<?xml version="1.0" encoding="UTF-8"?>
<beans xmlns:xsi="http://www.w3.org/2001/XMLSchema-instance"
       xmlns:tx="http://www.springframework.org/schema/tx"
       xmlns:context="http://www.springframework.org/schema/context"
       xmlns="http://www.springframework.org/schema/beans"
       xsi:schemaLocation="http://www.springframework.org/schema/beans
          http://www.springframework.org/schema/beans/spring-beans-3.1.xsd
          http://www.springframework.org/schema/tx
          http://www.springframework.org/schema/tx/spring-tx.xsd
          http://www.springframework.org/schema/context
          http://www.springframework.org/schema/context/spring-context.xsd">
    <context:property-placeholder location="classpath*:db.properties" ignore-unresolvable="true" file-encoding="UTF-8"/>
    <!--mysql-->
    <bean id="jjDataSource" class="org.springframework.jdbc.datasource.LazyConnectionDataSourceProxy">
        <constructor-arg>
            <bean class="org.springframework.jdbc.datasource.SimpleDriverDataSource">
                <property name="driverClass" value="org.h2.Driver"/>
                <property name="url" value="jdbc:h2:mem:test;DB_CLOSE_DELAY=-1;MODE=Mysql;TRACE_LEVEL_SYSTEM_OUT=2"/>
            </bean>
        </constructor-arg>
    </bean>

    <bean id="jdbcTemplate" class="org.springframework.jdbc.core.JdbcTemplate">
        <property name="dataSource" ref="jjDataSource"/>
    </bean>
    <!--注解添加事务-->
    <tx:annotation-driven transaction-manager="jjTxManager"/>
    <bean id="jjTxManager" class="org.springframework.jdbc.datasource.DataSourceTransactionManager">
        <property name="dataSource" ref="jjDataSource"/>
    </bean>
</beans>